<?xml version="1.0" encoding="UTF-8" ?>
<testsuite errors="13" failures="0" hostname="bahguta-comp" name="Dto.PersonaTest" skipped="0" tests="13" time="0.05" timestamp="2019-10-19T13:02:47">
  <properties>
[...]
</properties>
  <testcase classname="Dto.PersonaTest" name="testSetApellido" time="0.005">
    <error type="java.lang.NullPointerException">java.lang.NullPointerException
	at Dto.PersonaTest.testSetApellido(PersonaTest.java:62)
</error>
  </testcase>
  <testcase classname="Dto.PersonaTest" name="testGetApellido" time="0.001">
    <error type="java.lang.NullPointerException">java.lang.NullPointerException
	at Dto.PersonaTest.testGetApellido(PersonaTest.java:48)
</error>
  </testcase>
  <testcase classname="Dto.PersonaTest" name="testGetEmail" time="0.001">
    <error type="java.lang.NullPointerException">java.lang.NullPointerException
	at Dto.PersonaTest.testGetEmail(PersonaTest.java:156)
</error>
  </testcase>
  <testcase classname="Dto.PersonaTest" name="testToString" time="0.0">
    <error type="java.lang.NullPointerException">java.lang.NullPointerException
	at Dto.PersonaTest.testToString(PersonaTest.java:211)
</error>
  </testcase>
  <testcase classname="Dto.PersonaTest" name="testGetTipo" time="0.0">
    <error type="java.lang.NullPointerException">java.lang.NullPointerException
	at Dto.PersonaTest.testGetTipo(PersonaTest.java:197)
</error>
  </testcase>
  <testcase classname="Dto.PersonaTest" name="testGetCodPersona" time="0.001">
    <error type="java.lang.NullPointerException">java.lang.NullPointerException
	at Dto.PersonaTest.testGetCodPersona(PersonaTest.java:183)
</error>
  </testcase>
  <testcase classname="Dto.PersonaTest" name="testSetTelefono" time="0.0">
    <error type="java.lang.NullPointerException">java.lang.NullPointerException
	at Dto.PersonaTest.testSetTelefono(PersonaTest.java:143)
</error>
  </testcase>
  <testcase classname="Dto.PersonaTest" name="testGetTelefono" time="0.0">
    <error type="java.lang.NullPointerException">java.lang.NullPointerException
	at Dto.PersonaTest.testGetTelefono(PersonaTest.java:129)
</error>
  </testcase>
  <testcase classname="Dto.PersonaTest" name="testGetDireccion" time="0.001">
    <error type="java.lang.NullPointerException">java.lang.NullPointerException
	at Dto.PersonaTest.testGetDireccion(PersonaTest.java:102)
</error>
  </testcase>
  <testcase classname="Dto.PersonaTest" name="testSetNombre" time="0.0">
    <error type="java.lang.NullPointerException">java.lang.NullPointerException
	at Dto.PersonaTest.testSetNombre(PersonaTest.java:89)
</error>
  </testcase>
  <testcase classname="Dto.PersonaTest" name="testGetNombre" time="0.0">
    <error type="java.lang.NullPointerException">java.lang.NullPointerException
	at Dto.PersonaTest.testGetNombre(PersonaTest.java:75)
</error>
  </testcase>
  <testcase classname="Dto.PersonaTest" name="testSetDireccion" time="0.001">
    <error type="java.lang.NullPointerException">java.lang.NullPointerException
	at Dto.PersonaTest.testSetDireccion(PersonaTest.java:116)
</error>
  </testcase>
  <testcase classname="Dto.PersonaTest" name="testSetEmail" time="0.0">
    <error type="java.lang.NullPointerException">java.lang.NullPointerException
	at Dto.PersonaTest.testSetEmail(PersonaTest.java:170)
</error>
  </testcase>
  <system-out><![CDATA[setApellido
getApellido
getEmail
toString
getTipo
getCodPersona
setTelefono
getTelefono
getDireccion
setNombre
getNombre
setDireccion
setEmail
]]></system-out>
  <system-err><![CDATA[]]></system-err>
</testsuite>
